<?xml version="1.0" encoding="UTF-8"?>
<testng-results ignored="0" total="1" passed="1" failed="0" skipped="0">
  <reporter-output>
  </reporter-output>
  <suite started-at="2022-05-04T18:08:49 SGT" name="Default suite" finished-at="2022-05-04T18:09:13 SGT" duration-ms="24420">
    <groups>
      <group name="cucumber">
        <method signature="AbstractTestNGCucumberTests.runScenario(io.cucumber.testng.PickleWrapper,io.cucumber.testng.FeatureWrapper)[pri:0, instance:TestRunner.testrun@54a7079e]" name="runScenario" class="io.cucumber.testng.AbstractTestNGCucumberTests"/>
      </group> <!-- cucumber -->
    </groups>
    <test started-at="2022-05-04T18:08:49 SGT" name="Default test" finished-at="2022-05-04T18:09:13 SGT" duration-ms="24420">
      <class name="TestRunner.testrun">
        <test-method is-config="true" signature="setUpClass(org.testng.ITestContext)[pri:0, instance:TestRunner.testrun@54a7079e]" started-at="2022-05-04T18:08:49 SGT" name="setUpClass" finished-at="2022-05-04T18:08:49 SGT" duration-ms="509" status="PASS">
          <params>
            <param index="0">
              <value>
                <![CDATA[org.testng.TestRunner@5c887052]]>
              </value>
            </param>
          </params>
          <reporter-output>
          </reporter-output>
        </test-method> <!-- setUpClass -->
        <test-method signature="runScenario(io.cucumber.testng.PickleWrapper,io.cucumber.testng.FeatureWrapper)[pri:0, instance:TestRunner.testrun@54a7079e]" started-at="2022-05-04T18:08:49 SGT" name="runScenario" description="Runs Cucumber Scenarios" data-provider="scenarios" finished-at="2022-05-04T18:09:10 SGT" duration-ms="20324" status="PASS">
          <params>
            <param index="0">
              <value>
                <![CDATA["Validate username and password in ORangeHRM application"]]>
              </value>
            </param>
            <param index="1">
              <value>
                <![CDATA["Optional[Validate ORangeHRM application for its functonality]"]]>
              </value>
            </param>
          </params>
          <reporter-output>
          </reporter-output>
        </test-method> <!-- runScenario -->
        <test-method is-config="true" signature="tearDownClass()[pri:0, instance:TestRunner.testrun@54a7079e]" started-at="2022-05-04T18:09:10 SGT" name="tearDownClass" finished-at="2022-05-04T18:09:13 SGT" duration-ms="3552" status="PASS">
          <reporter-output>
          </reporter-output>
        </test-method> <!-- tearDownClass -->
      </class> <!-- TestRunner.testrun -->
    </test> <!-- Default test -->
  </suite> <!-- Default suite -->
</testng-results>
